{"C:\\Users\\steven.mcsorley\\projects\\tests\\Journal.js": {"path":"C:\\Users\\steven.mcsorley\\projects\\tests\\Journal.js","statementMap":{"0":{"start":{"line":3,"column":4},"end":{"line":3,"column":22}},"1":{"start":{"line":6,"column":16},"end":{"line":6,"column":31}},"2":{"start":{"line":7,"column":4},"end":{"line":7,"column":31}},"3":{"start":{"line":8,"column":4},"end":{"line":8,"column":17}},"4":{"start":{"line":11,"column":4},"end":{"line":11,"column":31}},"5":{"start":{"line":14,"column":4},"end":{"line":14,"column":44}},"6":{"start":{"line":18,"column":4},"end":{"line":18,"column":24}},"7":{"start":{"line":22,"column":0},"end":{"line":22,"column":18}}},"fnMap":{"0":{"name":"(anonymous_0)","decl":{"start":{"line":2,"column":2},"end":{"line":2,"column":3}},"loc":{"start":{"line":2,"column":16},"end":{"line":4,"column":3}},"line":2},"1":{"name":"(anonymous_1)","decl":{"start":{"line":5,"column":2},"end":{"line":5,"column":3}},"loc":{"start":{"line":5,"column":17},"end":{"line":9,"column":3}},"line":5},"2":{"name":"(anonymous_2)","decl":{"start":{"line":10,"column":2},"end":{"line":10,"column":3}},"loc":{"start":{"line":10,"column":21},"end":{"line":12,"column":3}},"line":10},"3":{"name":"(anonymous_3)","decl":{"start":{"line":13,"column":2},"end":{"line":13,"column":3}},"loc":{"start":{"line":13,"column":17},"end":{"line":15,"column":3}},"line":13},"4":{"name":"(anonymous_4)","decl":{"start":{"line":17,"column":2},"end":{"line":17,"column":3}},"loc":{"start":{"line":17,"column":15},"end":{"line":19,"column":3}},"line":17}},"branchMap":{},"s":{"0":6,"1":10,"2":10,"3":10,"4":2,"5":2,"6":1,"7":2},"f":{"0":6,"1":10,"2":2,"3":2,"4":1},"b":{},"_coverageSchema":"1a1c01bbd47fc00a2c39e90264f33305004495a9","hash":"4252b1c1b24e42c34621f72b218d0cf7b962f0f8"}
,"C:\\Users\\steven.mcsorley\\projects\\tests\\Product.js": {"path":"C:\\Users\\steven.mcsorley\\projects\\tests\\Product.js","statementMap":{"0":{"start":{"line":3,"column":4},"end":{"line":3,"column":21}},"1":{"start":{"line":4,"column":4},"end":{"line":4,"column":23}},"2":{"start":{"line":5,"column":4},"end":{"line":5,"column":21}},"3":{"start":{"line":11,"column":4},"end":{"line":11,"column":53}},"4":{"start":{"line":11,"column":34},"end":{"line":11,"column":51}},"5":{"start":{"line":15,"column":4},"end":{"line":15,"column":51}},"6":{"start":{"line":15,"column":34},"end":{"line":15,"column":49}},"7":{"start":{"line":19,"column":4},"end":{"line":19,"column":72}},"8":{"start":{"line":19,"column":34},"end":{"line":19,"column":70}}},"fnMap":{"0":{"name":"(anonymous_0)","decl":{"start":{"line":2,"column":2},"end":{"line":2,"column":3}},"loc":{"start":{"line":2,"column":33},"end":{"line":6,"column":3}},"line":2},"1":{"name":"(anonymous_1)","decl":{"start":{"line":10,"column":2},"end":{"line":10,"column":3}},"loc":{"start":{"line":10,"column":33},"end":{"line":12,"column":3}},"line":10},"2":{"name":"(anonymous_2)","decl":{"start":{"line":11,"column":27},"end":{"line":11,"column":28}},"loc":{"start":{"line":11,"column":34},"end":{"line":11,"column":51}},"line":11},"3":{"name":"(anonymous_3)","decl":{"start":{"line":14,"column":2},"end":{"line":14,"column":3}},"loc":{"start":{"line":14,"column":31},"end":{"line":16,"column":3}},"line":14},"4":{"name":"(anonymous_4)","decl":{"start":{"line":15,"column":27},"end":{"line":15,"column":28}},"loc":{"start":{"line":15,"column":34},"end":{"line":15,"column":49}},"line":15},"5":{"name":"(anonymous_5)","decl":{"start":{"line":18,"column":2},"end":{"line":18,"column":3}},"loc":{"start":{"line":18,"column":46},"end":{"line":20,"column":3}},"line":18},"6":{"name":"(anonymous_6)","decl":{"start":{"line":19,"column":27},"end":{"line":19,"column":28}},"loc":{"start":{"line":19,"column":34},"end":{"line":19,"column":70}},"line":19}},"branchMap":{"0":{"loc":{"start":{"line":19,"column":34},"end":{"line":19,"column":70}},"type":"binary-expr","locations":[{"start":{"line":19,"column":34},"end":{"line":19,"column":51}},{"start":{"line":19,"column":55},"end":{"line":19,"column":70}}],"line":19}},"s":{"0":52,"1":52,"2":52,"3":1,"4":3,"5":1,"6":3,"7":1,"8":3},"f":{"0":52,"1":1,"2":3,"3":1,"4":3,"5":1,"6":3},"b":{"0":[3,1]},"_coverageSchema":"1a1c01bbd47fc00a2c39e90264f33305004495a9","hash":"af022bc784945faf3d1a3eef9e5fde6c939c529c"}
,"C:\\Users\\steven.mcsorley\\projects\\tests\\index.js": {"path":"C:\\Users\\steven.mcsorley\\projects\\tests\\index.js","statementMap":{"0":{"start":{"line":35,"column":33},"end":{"line":35,"column":63}},"1":{"start":{"line":37,"column":8},"end":{"line":37,"column":21}},"2":{"start":{"line":38,"column":0},"end":{"line":38,"column":32}},"3":{"start":{"line":39,"column":0},"end":{"line":39,"column":38}},"4":{"start":{"line":41,"column":12},"end":{"line":45,"column":4}},"5":{"start":{"line":47,"column":13},"end":{"line":51,"column":4}},"6":{"start":{"line":54,"column":12},"end":{"line":54,"column":57}},"7":{"start":{"line":55,"column":11},"end":{"line":55,"column":53}},"8":{"start":{"line":56,"column":12},"end":{"line":56,"column":57}},"9":{"start":{"line":57,"column":15},"end":{"line":57,"column":35}},"10":{"start":{"line":66,"column":9},"end":{"line":66,"column":27}},"11":{"start":{"line":67,"column":12},"end":{"line":67,"column":68}},"12":{"start":{"line":68,"column":0},"end":{"line":68,"column":33}},"13":{"start":{"line":70,"column":20},"end":{"line":70,"column":133}},"14":{"start":{"line":71,"column":0},"end":{"line":71,"column":45}},"15":{"start":{"line":73,"column":19},"end":{"line":73,"column":131}},"16":{"start":{"line":74,"column":0},"end":{"line":74,"column":43}},"17":{"start":{"line":76,"column":15},"end":{"line":76,"column":93}},"18":{"start":{"line":77,"column":0},"end":{"line":77,"column":34}},"19":{"start":{"line":79,"column":22},"end":{"line":79,"column":156}},"20":{"start":{"line":80,"column":0},"end":{"line":80,"column":51}},"21":{"start":{"line":85,"column":9},"end":{"line":85,"column":30}},"22":{"start":{"line":86,"column":0},"end":{"line":86,"column":42}},"23":{"start":{"line":87,"column":0},"end":{"line":87,"column":56}},"24":{"start":{"line":88,"column":0},"end":{"line":88,"column":13}},"25":{"start":{"line":89,"column":0},"end":{"line":89,"column":14}},"26":{"start":{"line":90,"column":0},"end":{"line":90,"column":45}},"27":{"start":{"line":91,"column":0},"end":{"line":91,"column":56}},"28":{"start":{"line":96,"column":15},"end":{"line":96,"column":33}},"29":{"start":{"line":97,"column":14},"end":{"line":97,"column":32}},"30":{"start":{"line":98,"column":15},"end":{"line":98,"column":32}},"31":{"start":{"line":100,"column":13},"end":{"line":100,"column":32}},"32":{"start":{"line":101,"column":2},"end":{"line":101,"column":40}},"33":{"start":{"line":102,"column":2},"end":{"line":102,"column":41}},"34":{"start":{"line":104,"column":2},"end":{"line":104,"column":20}},"35":{"start":{"line":109,"column":13},"end":{"line":109,"column":53}},"36":{"start":{"line":110,"column":4},"end":{"line":110,"column":20}},"37":{"start":{"line":111,"column":13},"end":{"line":111,"column":50}},"38":{"start":{"line":112,"column":4},"end":{"line":112,"column":20}},"39":{"start":{"line":117,"column":14},"end":{"line":117,"column":35}},"40":{"start":{"line":118,"column":0},"end":{"line":118,"column":42}},"41":{"start":{"line":119,"column":0},"end":{"line":119,"column":48}},"42":{"start":{"line":120,"column":12},"end":{"line":120,"column":41}},"43":{"start":{"line":121,"column":0},"end":{"line":121,"column":16}},"44":{"start":{"line":122,"column":0},"end":{"line":122,"column":41}},"45":{"start":{"line":123,"column":0},"end":{"line":123,"column":16}}},"fnMap":{},"branchMap":{},"s":{"0":1,"1":1,"2":1,"3":1,"4":1,"5":1,"6":1,"7":1,"8":1,"9":1,"10":1,"11":1,"12":1,"13":1,"14":1,"15":1,"16":1,"17":1,"18":1,"19":1,"20":1,"21":1,"22":1,"23":1,"24":1,"25":1,"26":1,"27":1,"28":1,"29":1,"30":1,"31":1,"32":1,"33":1,"34":1,"35":1,"36":1,"37":1,"38":1,"39":1,"40":1,"41":1,"42":1,"43":1,"44":1,"45":1},"f":{},"b":{},"_coverageSchema":"1a1c01bbd47fc00a2c39e90264f33305004495a9","hash":"0b13fd81b25cb6fa7a93f5cd3a42f04e303a827b"}
,"C:\\Users\\steven.mcsorley\\projects\\tests\\subtract.js": {"path":"C:\\Users\\steven.mcsorley\\projects\\tests\\subtract.js","statementMap":{"0":{"start":{"line":1,"column":17},"end":{"line":1,"column":31}},"1":{"start":{"line":1,"column":26},"end":{"line":1,"column":31}}},"fnMap":{"0":{"name":"(anonymous_0)","decl":{"start":{"line":1,"column":17},"end":{"line":1,"column":18}},"loc":{"start":{"line":1,"column":26},"end":{"line":1,"column":31}},"line":1}},"branchMap":{},"s":{"0":2,"1":3},"f":{"0":3},"b":{},"_coverageSchema":"1a1c01bbd47fc00a2c39e90264f33305004495a9","hash":"3014c896e3eb480c43792af7541e9e2fb53e5469"}
,"C:\\Users\\steven.mcsorley\\projects\\tests\\abstract-factory\\Coffee.js": {"path":"C:\\Users\\steven.mcsorley\\projects\\tests\\abstract-factory\\Coffee.js","statementMap":{"0":{"start":{"line":5,"column":4},"end":{"line":5,"column":44}}},"fnMap":{"0":{"name":"(anonymous_0)","decl":{"start":{"line":4,"column":2},"end":{"line":4,"column":3}},"loc":{"start":{"line":4,"column":12},"end":{"line":6,"column":3}},"line":4}},"branchMap":{},"s":{"0":2},"f":{"0":2},"b":{},"_coverageSchema":"1a1c01bbd47fc00a2c39e90264f33305004495a9","hash":"118cc8dded483cd1526bd3c5d6c59c7cbd16ebb4"}
,"C:\\Users\\steven.mcsorley\\projects\\tests\\abstract-factory\\CoffeeFactory.js": {"path":"C:\\Users\\steven.mcsorley\\projects\\tests\\abstract-factory\\CoffeeFactory.js","statementMap":{"0":{"start":{"line":7,"column":8},"end":{"line":7,"column":61}},"1":{"start":{"line":8,"column":8},"end":{"line":8,"column":28}}},"fnMap":{"0":{"name":"(anonymous_0)","decl":{"start":{"line":6,"column":4},"end":{"line":6,"column":5}},"loc":{"start":{"line":6,"column":20},"end":{"line":9,"column":5}},"line":6}},"branchMap":{},"s":{"0":2,"1":2},"f":{"0":2},"b":{},"_coverageSchema":"1a1c01bbd47fc00a2c39e90264f33305004495a9","hash":"6fa467277145a24035dd60e2cdc51ab0316d10b9"}
,"C:\\Users\\steven.mcsorley\\projects\\tests\\abstract-factory\\HotDrink.js": {"path":"C:\\Users\\steven.mcsorley\\projects\\tests\\abstract-factory\\HotDrink.js","statementMap":{"0":{"start":{"line":3,"column":4},"end":{"line":3,"column":39}}},"fnMap":{"0":{"name":"(anonymous_0)","decl":{"start":{"line":2,"column":2},"end":{"line":2,"column":3}},"loc":{"start":{"line":2,"column":12},"end":{"line":4,"column":3}},"line":2}},"branchMap":{},"s":{"0":1},"f":{"0":1},"b":{},"_coverageSchema":"1a1c01bbd47fc00a2c39e90264f33305004495a9","hash":"b754c967e84b8c9073a6a59e7a604cf5f73d2a5f"}
,"C:\\Users\\steven.mcsorley\\projects\\tests\\abstract-factory\\HotDrinkFactory.js": {"path":"C:\\Users\\steven.mcsorley\\projects\\tests\\abstract-factory\\HotDrinkFactory.js","statementMap":{"0":{"start":{"line":3,"column":4},"end":{"line":3,"column":39}}},"fnMap":{"0":{"name":"(anonymous_0)","decl":{"start":{"line":2,"column":2},"end":{"line":2,"column":3}},"loc":{"start":{"line":2,"column":18},"end":{"line":4,"column":3}},"line":2}},"branchMap":{},"s":{"0":0},"f":{"0":0},"b":{},"_coverageSchema":"1a1c01bbd47fc00a2c39e90264f33305004495a9","hash":"f54a712fa1f2507455585b486e81d82b1168b0a9"}
,"C:\\Users\\steven.mcsorley\\projects\\tests\\abstract-factory\\HotDrinkMachine.js": {"path":"C:\\Users\\steven.mcsorley\\projects\\tests\\abstract-factory\\HotDrinkMachine.js","statementMap":{"0":{"start":{"line":3,"column":8},"end":{"line":3,"column":24}},"1":{"start":{"line":6,"column":8},"end":{"line":6,"column":35}},"2":{"start":{"line":9,"column":24},"end":{"line":9,"column":40}},"3":{"start":{"line":10,"column":8},"end":{"line":10,"column":39}}},"fnMap":{"0":{"name":"(anonymous_0)","decl":{"start":{"line":2,"column":4},"end":{"line":2,"column":5}},"loc":{"start":{"line":2,"column":18},"end":{"line":4,"column":5}},"line":2},"1":{"name":"(anonymous_1)","decl":{"start":{"line":5,"column":4},"end":{"line":5,"column":5}},"loc":{"start":{"line":5,"column":28},"end":{"line":7,"column":5}},"line":5},"2":{"name":"(anonymous_2)","decl":{"start":{"line":8,"column":4},"end":{"line":8,"column":5}},"loc":{"start":{"line":8,"column":28},"end":{"line":11,"column":5}},"line":8}},"branchMap":{},"s":{"0":4,"1":4,"2":4,"3":4},"f":{"0":4,"1":4,"2":4},"b":{},"_coverageSchema":"1a1c01bbd47fc00a2c39e90264f33305004495a9","hash":"f5a3c4c08dc0a3d7f698a794ced3bc0d5f762539"}
,"C:\\Users\\steven.mcsorley\\projects\\tests\\abstract-factory\\Tea.js": {"path":"C:\\Users\\steven.mcsorley\\projects\\tests\\abstract-factory\\Tea.js","statementMap":{"0":{"start":{"line":5,"column":4},"end":{"line":5,"column":36}}},"fnMap":{"0":{"name":"(anonymous_0)","decl":{"start":{"line":4,"column":2},"end":{"line":4,"column":3}},"loc":{"start":{"line":4,"column":12},"end":{"line":6,"column":3}},"line":4}},"branchMap":{},"s":{"0":1},"f":{"0":1},"b":{},"_coverageSchema":"1a1c01bbd47fc00a2c39e90264f33305004495a9","hash":"0037436fa1305cb8287f8140afb05889b6409143"}
,"C:\\Users\\steven.mcsorley\\projects\\tests\\abstract-factory\\TeaFactory.js": {"path":"C:\\Users\\steven.mcsorley\\projects\\tests\\abstract-factory\\TeaFactory.js","statementMap":{"0":{"start":{"line":7,"column":8},"end":{"line":7,"column":59}},"1":{"start":{"line":8,"column":8},"end":{"line":8,"column":25}}},"fnMap":{"0":{"name":"(anonymous_0)","decl":{"start":{"line":6,"column":4},"end":{"line":6,"column":5}},"loc":{"start":{"line":6,"column":20},"end":{"line":9,"column":5}},"line":6}},"branchMap":{},"s":{"0":2,"1":2},"f":{"0":2},"b":{},"_coverageSchema":"1a1c01bbd47fc00a2c39e90264f33305004495a9","hash":"80a35c518599568e7fa665ba51923b0778a8b486"}
,"C:\\Users\\steven.mcsorley\\projects\\tests\\dip\\Person.js": {"path":"C:\\Users\\steven.mcsorley\\projects\\tests\\dip\\Person.js","statementMap":{"0":{"start":{"line":3,"column":4},"end":{"line":3,"column":21}}},"fnMap":{"0":{"name":"(anonymous_0)","decl":{"start":{"line":2,"column":2},"end":{"line":2,"column":3}},"loc":{"start":{"line":2,"column":20},"end":{"line":4,"column":3}},"line":2}},"branchMap":{},"s":{"0":3},"f":{"0":3},"b":{},"_coverageSchema":"1a1c01bbd47fc00a2c39e90264f33305004495a9","hash":"33b03ba37fe3826beee087bb27a925521b00adc2"}
,"C:\\Users\\steven.mcsorley\\projects\\tests\\dip\\RelationshipBrowser.js": {"path":"C:\\Users\\steven.mcsorley\\projects\\tests\\dip\\RelationshipBrowser.js","statementMap":{"0":{"start":{"line":4,"column":4},"end":{"line":8,"column":5}},"1":{"start":{"line":5,"column":6},"end":{"line":7,"column":8}}},"fnMap":{"0":{"name":"(anonymous_0)","decl":{"start":{"line":3,"column":2},"end":{"line":3,"column":3}},"loc":{"start":{"line":3,"column":16},"end":{"line":9,"column":3}},"line":3},"1":{"name":"(anonymous_1)","decl":{"start":{"line":10,"column":2},"end":{"line":10,"column":3}},"loc":{"start":{"line":10,"column":26},"end":{"line":10,"column":28}},"line":10}},"branchMap":{"0":{"loc":{"start":{"line":4,"column":4},"end":{"line":8,"column":5}},"type":"if","locations":[{"start":{"line":4,"column":4},"end":{"line":8,"column":5}},{"start":{},"end":{}}],"line":4}},"s":{"0":2,"1":1},"f":{"0":2,"1":0},"b":{"0":[1,1]},"_coverageSchema":"1a1c01bbd47fc00a2c39e90264f33305004495a9","hash":"67b493c918fea0c0493fe3574df3b7973f0e7ae2"}
,"C:\\Users\\steven.mcsorley\\projects\\tests\\dip\\Relationships.js": {"path":"C:\\Users\\steven.mcsorley\\projects\\tests\\dip\\Relationships.js","statementMap":{"0":{"start":{"line":3,"column":19},"end":{"line":7,"column":2}},"1":{"start":{"line":12,"column":4},"end":{"line":12,"column":12}},"2":{"start":{"line":13,"column":4},"end":{"line":13,"column":28}},"3":{"start":{"line":16,"column":4},"end":{"line":20,"column":7}},"4":{"start":{"line":24,"column":4},"end":{"line":26,"column":24}},"5":{"start":{"line":25,"column":21},"end":{"line":25,"column":41}},"6":{"start":{"line":26,"column":18},"end":{"line":26,"column":22}}},"fnMap":{"0":{"name":"(anonymous_0)","decl":{"start":{"line":11,"column":2},"end":{"line":11,"column":3}},"loc":{"start":{"line":11,"column":16},"end":{"line":14,"column":3}},"line":11},"1":{"name":"(anonymous_1)","decl":{"start":{"line":15,"column":2},"end":{"line":15,"column":3}},"loc":{"start":{"line":15,"column":35},"end":{"line":21,"column":3}},"line":15},"2":{"name":"(anonymous_2)","decl":{"start":{"line":23,"column":2},"end":{"line":23,"column":3}},"loc":{"start":{"line":23,"column":26},"end":{"line":27,"column":3}},"line":23},"3":{"name":"(anonymous_3)","decl":{"start":{"line":25,"column":14},"end":{"line":25,"column":15}},"loc":{"start":{"line":25,"column":21},"end":{"line":25,"column":41}},"line":25},"4":{"name":"(anonymous_4)","decl":{"start":{"line":26,"column":11},"end":{"line":26,"column":12}},"loc":{"start":{"line":26,"column":18},"end":{"line":26,"column":22}},"line":26}},"branchMap":{},"s":{"0":1,"1":1,"2":1,"3":2,"4":1,"5":2,"6":2},"f":{"0":1,"1":2,"2":1,"3":2,"4":2},"b":{},"_coverageSchema":"1a1c01bbd47fc00a2c39e90264f33305004495a9","hash":"d4248fed46df2dbd100aaf0eadc943c360f67632"}
,"C:\\Users\\steven.mcsorley\\projects\\tests\\dip\\Research.js": {"path":"C:\\Users\\steven.mcsorley\\projects\\tests\\dip\\Research.js","statementMap":{"0":{"start":{"line":4,"column":4},"end":{"line":6,"column":5}},"1":{"start":{"line":5,"column":6},"end":{"line":5,"column":26}}},"fnMap":{"0":{"name":"(anonymous_0)","decl":{"start":{"line":3,"column":2},"end":{"line":3,"column":3}},"loc":{"start":{"line":3,"column":23},"end":{"line":7,"column":3}},"line":3}},"branchMap":{},"s":{"0":1,"1":2},"f":{"0":1},"b":{},"_coverageSchema":"1a1c01bbd47fc00a2c39e90264f33305004495a9","hash":"c5ac4ee260c8a857fceba9d05e8a663aea05c740"}
,"C:\\Users\\steven.mcsorley\\projects\\tests\\factory\\PointFactory.js": {"path":"C:\\Users\\steven.mcsorley\\projects\\tests\\factory\\PointFactory.js","statementMap":{"0":{"start":{"line":3,"column":4},"end":{"line":3,"column":15}},"1":{"start":{"line":4,"column":4},"end":{"line":4,"column":15}},"2":{"start":{"line":8,"column":4},"end":{"line":8,"column":29}},"3":{"start":{"line":12,"column":4},"end":{"line":12,"column":65}}},"fnMap":{"0":{"name":"(anonymous_0)","decl":{"start":{"line":2,"column":2},"end":{"line":2,"column":3}},"loc":{"start":{"line":2,"column":20},"end":{"line":5,"column":3}},"line":2},"1":{"name":"(anonymous_1)","decl":{"start":{"line":7,"column":2},"end":{"line":7,"column":3}},"loc":{"start":{"line":7,"column":35},"end":{"line":9,"column":3}},"line":7},"2":{"name":"(anonymous_2)","decl":{"start":{"line":11,"column":2},"end":{"line":11,"column":3}},"loc":{"start":{"line":11,"column":36},"end":{"line":13,"column":3}},"line":11}},"branchMap":{},"s":{"0":5,"1":5,"2":3,"3":2},"f":{"0":5,"1":3,"2":2},"b":{},"_coverageSchema":"1a1c01bbd47fc00a2c39e90264f33305004495a9","hash":"86b7a7618658f24058e62802815a654140b83012"}
,"C:\\Users\\steven.mcsorley\\projects\\tests\\liskov\\Rectangle.js": {"path":"C:\\Users\\steven.mcsorley\\projects\\tests\\liskov\\Rectangle.js","statementMap":{"0":{"start":{"line":3,"column":4},"end":{"line":3,"column":23}},"1":{"start":{"line":4,"column":4},"end":{"line":4,"column":25}},"2":{"start":{"line":7,"column":4},"end":{"line":7,"column":36}},"3":{"start":{"line":45,"column":4},"end":{"line":45,"column":38}}},"fnMap":{"0":{"name":"(anonymous_0)","decl":{"start":{"line":2,"column":2},"end":{"line":2,"column":3}},"loc":{"start":{"line":2,"column":29},"end":{"line":5,"column":3}},"line":2},"1":{"name":"(anonymous_1)","decl":{"start":{"line":6,"column":2},"end":{"line":6,"column":3}},"loc":{"start":{"line":6,"column":9},"end":{"line":8,"column":3}},"line":6},"2":{"name":"(anonymous_2)","decl":{"start":{"line":44,"column":2},"end":{"line":44,"column":3}},"loc":{"start":{"line":44,"column":13},"end":{"line":46,"column":3}},"line":44}},"branchMap":{},"s":{"0":6,"1":6,"2":4,"3":4},"f":{"0":6,"1":4,"2":4},"b":{},"_coverageSchema":"1a1c01bbd47fc00a2c39e90264f33305004495a9","hash":"57f9cc9d2fbf20278b5342939671b0a8789bf889"}
,"C:\\Users\\steven.mcsorley\\projects\\tests\\ocp\\AndSpecification.js": {"path":"C:\\Users\\steven.mcsorley\\projects\\tests\\ocp\\AndSpecification.js","statementMap":{"0":{"start":{"line":3,"column":8},"end":{"line":3,"column":45}},"1":{"start":{"line":6,"column":8},"end":{"line":6,"column":73}},"2":{"start":{"line":6,"column":49},"end":{"line":6,"column":71}}},"fnMap":{"0":{"name":"(anonymous_0)","decl":{"start":{"line":2,"column":4},"end":{"line":2,"column":5}},"loc":{"start":{"line":2,"column":35},"end":{"line":4,"column":5}},"line":2},"1":{"name":"(anonymous_1)","decl":{"start":{"line":5,"column":4},"end":{"line":5,"column":5}},"loc":{"start":{"line":5,"column":22},"end":{"line":7,"column":5}},"line":5},"2":{"name":"(anonymous_2)","decl":{"start":{"line":6,"column":41},"end":{"line":6,"column":42}},"loc":{"start":{"line":6,"column":49},"end":{"line":6,"column":71}},"line":6}},"branchMap":{},"s":{"0":4,"1":12,"2":19},"f":{"0":4,"1":12,"2":19},"b":{},"_coverageSchema":"1a1c01bbd47fc00a2c39e90264f33305004495a9","hash":"ba3bd101c4e6b190d7501d474aa52f3db6933c27"}
,"C:\\Users\\steven.mcsorley\\projects\\tests\\ocp\\BetterFilter.js": {"path":"C:\\Users\\steven.mcsorley\\projects\\tests\\ocp\\BetterFilter.js","statementMap":{"0":{"start":{"line":3,"column":4},"end":{"line":3,"column":58}},"1":{"start":{"line":3,"column":34},"end":{"line":3,"column":56}}},"fnMap":{"0":{"name":"(anonymous_0)","decl":{"start":{"line":2,"column":2},"end":{"line":2,"column":3}},"loc":{"start":{"line":2,"column":22},"end":{"line":4,"column":3}},"line":2},"1":{"name":"(anonymous_1)","decl":{"start":{"line":3,"column":24},"end":{"line":3,"column":25}},"loc":{"start":{"line":3,"column":34},"end":{"line":3,"column":56}},"line":3}},"branchMap":{},"s":{"0":15,"1":45},"f":{"0":15,"1":45},"b":{},"_coverageSchema":"1a1c01bbd47fc00a2c39e90264f33305004495a9","hash":"ac43decad00797284a49ef03038d26410798d923"}
,"C:\\Users\\steven.mcsorley\\projects\\tests\\ocp\\ColorSpecification.js": {"path":"C:\\Users\\steven.mcsorley\\projects\\tests\\ocp\\ColorSpecification.js","statementMap":{"0":{"start":{"line":3,"column":4},"end":{"line":3,"column":23}},"1":{"start":{"line":7,"column":4},"end":{"line":7,"column":37}}},"fnMap":{"0":{"name":"(anonymous_0)","decl":{"start":{"line":2,"column":2},"end":{"line":2,"column":3}},"loc":{"start":{"line":2,"column":21},"end":{"line":4,"column":3}},"line":2},"1":{"name":"(anonymous_1)","decl":{"start":{"line":6,"column":2},"end":{"line":6,"column":3}},"loc":{"start":{"line":6,"column":20},"end":{"line":8,"column":3}},"line":6}},"branchMap":{},"s":{"0":13,"1":39},"f":{"0":13,"1":39},"b":{},"_coverageSchema":"1a1c01bbd47fc00a2c39e90264f33305004495a9","hash":"881dadd4ba99db6366a3d417c01786da57a9eed8"}
,"C:\\Users\\steven.mcsorley\\projects\\tests\\ocp\\NotSpecification.js": {"path":"C:\\Users\\steven.mcsorley\\projects\\tests\\ocp\\NotSpecification.js","statementMap":{"0":{"start":{"line":3,"column":4},"end":{"line":3,"column":39}},"1":{"start":{"line":7,"column":8},"end":{"line":7,"column":53}}},"fnMap":{"0":{"name":"(anonymous_0)","decl":{"start":{"line":2,"column":2},"end":{"line":2,"column":3}},"loc":{"start":{"line":2,"column":29},"end":{"line":4,"column":3}},"line":2},"1":{"name":"(anonymous_1)","decl":{"start":{"line":6,"column":4},"end":{"line":6,"column":5}},"loc":{"start":{"line":6,"column":22},"end":{"line":8,"column":5}},"line":6}},"branchMap":{},"s":{"0":6,"1":18},"f":{"0":6,"1":18},"b":{},"_coverageSchema":"1a1c01bbd47fc00a2c39e90264f33305004495a9","hash":"92a58e3bcb554e525a63351c5559ac3b6bc80877"}
,"C:\\Users\\steven.mcsorley\\projects\\tests\\ocp\\OrSpecification.js": {"path":"C:\\Users\\steven.mcsorley\\projects\\tests\\ocp\\OrSpecification.js","statementMap":{"0":{"start":{"line":3,"column":8},"end":{"line":3,"column":45}},"1":{"start":{"line":6,"column":8},"end":{"line":6,"column":72}},"2":{"start":{"line":6,"column":48},"end":{"line":6,"column":70}}},"fnMap":{"0":{"name":"(anonymous_0)","decl":{"start":{"line":2,"column":4},"end":{"line":2,"column":5}},"loc":{"start":{"line":2,"column":35},"end":{"line":4,"column":5}},"line":2},"1":{"name":"(anonymous_1)","decl":{"start":{"line":5,"column":4},"end":{"line":5,"column":5}},"loc":{"start":{"line":5,"column":22},"end":{"line":7,"column":5}},"line":5},"2":{"name":"(anonymous_2)","decl":{"start":{"line":6,"column":40},"end":{"line":6,"column":41}},"loc":{"start":{"line":6,"column":48},"end":{"line":6,"column":70}},"line":6}},"branchMap":{},"s":{"0":4,"1":12,"2":16},"f":{"0":4,"1":12,"2":16},"b":{},"_coverageSchema":"1a1c01bbd47fc00a2c39e90264f33305004495a9","hash":"83d16e9f084af5f11cfceda1b366b7c245fbde7f"}
,"C:\\Users\\steven.mcsorley\\projects\\tests\\ocp\\SizeSpecification.js": {"path":"C:\\Users\\steven.mcsorley\\projects\\tests\\ocp\\SizeSpecification.js","statementMap":{"0":{"start":{"line":3,"column":8},"end":{"line":3,"column":25}},"1":{"start":{"line":6,"column":8},"end":{"line":6,"column":39}}},"fnMap":{"0":{"name":"(anonymous_0)","decl":{"start":{"line":2,"column":4},"end":{"line":2,"column":5}},"loc":{"start":{"line":2,"column":22},"end":{"line":4,"column":5}},"line":2},"1":{"name":"(anonymous_1)","decl":{"start":{"line":5,"column":4},"end":{"line":5,"column":5}},"loc":{"start":{"line":5,"column":22},"end":{"line":7,"column":5}},"line":5}},"branchMap":{},"s":{"0":10,"1":17},"f":{"0":10,"1":17},"b":{},"_coverageSchema":"1a1c01bbd47fc00a2c39e90264f33305004495a9","hash":"347fff98b94b5089f8e5e94566fe805b2725284d"}
}
